<?xml version="1.0" encoding="UTF-8"?>
<!-- Generated by org.testng.reporters.JUnitReportReporter -->
<testsuite skipped="0" hostname="136-FREKIH" name="MyTestNGClass" tests="4" failures="0" timestamp="12 maj 2020 13:33:45 GMT" time="7.423" errors="0">
  <testcase name="setup1" time="7.422" classname="MyTestNGClass"/>
  <testcase name="setup3" time="0.000" classname="MyTestNGClass"/>
  <testcase name="setup2" time="0.001" classname="MyTestNGClass"/>
  <testcase name="setup4" time="0.000" classname="MyTestNGClass"/>
</testsuite> <!-- MyTestNGClass -->
